Determining if the pthread_create exist failed with the following output:
Change Dir: /home/deskum/Desktop/celerity/celerity-runtime/examples/longest common substring/CMakeFiles/CMakeTmp

Run Build Command:"/usr/bin/make" "cmTC_ef17f/fast"
/usr/bin/make -f CMakeFiles/cmTC_ef17f.dir/build.make CMakeFiles/cmTC_ef17f.dir/build
make[1]: Entering directory '/home/deskum/Desktop/celerity/celerity-runtime/examples/longest common substring/CMakeFiles/CMakeTmp'
Building C object CMakeFiles/cmTC_ef17f.dir/CheckSymbolExists.c.o
/usr/bin/cc    -o CMakeFiles/cmTC_ef17f.dir/CheckSymbolExists.c.o   -c "/home/deskum/Desktop/celerity/celerity-runtime/examples/longest common substring/CMakeFiles/CMakeTmp/CheckSymbolExists.c"
Linking C executable cmTC_ef17f
/usr/local/bin/cmake -E cmake_link_script CMakeFiles/cmTC_ef17f.dir/link.txt --verbose=1
/usr/bin/cc      CMakeFiles/cmTC_ef17f.dir/CheckSymbolExists.c.o  -o cmTC_ef17f 
CMakeFiles/cmTC_ef17f.dir/CheckSymbolExists.c.o: In function `main':
CheckSymbolExists.c:(.text+0x16): undefined reference to `pthread_create'
collect2: error: ld returned 1 exit status
CMakeFiles/cmTC_ef17f.dir/build.make:86: recipe for target 'cmTC_ef17f' failed
make[1]: *** [cmTC_ef17f] Error 1
make[1]: Leaving directory '/home/deskum/Desktop/celerity/celerity-runtime/examples/longest common substring/CMakeFiles/CMakeTmp'
Makefile:121: recipe for target 'cmTC_ef17f/fast' failed
make: *** [cmTC_ef17f/fast] Error 2

File /home/deskum/Desktop/celerity/celerity-runtime/examples/longest common substring/CMakeFiles/CMakeTmp/CheckSymbolExists.c:
/* */
#include <pthread.h>

int main(int argc, char** argv)
{
  (void)argv;
#ifndef pthread_create
  return ((int*)(&pthread_create))[argc];
#else
  (void)argc;
  return 0;
#endif
}

Determining if the function pthread_create exists in the pthreads failed with the following output:
Change Dir: /home/deskum/Desktop/celerity/celerity-runtime/examples/longest common substring/CMakeFiles/CMakeTmp

Run Build Command:"/usr/bin/make" "cmTC_1a320/fast"
/usr/bin/make -f CMakeFiles/cmTC_1a320.dir/build.make CMakeFiles/cmTC_1a320.dir/build
make[1]: Entering directory '/home/deskum/Desktop/celerity/celerity-runtime/examples/longest common substring/CMakeFiles/CMakeTmp'
Building C object CMakeFiles/cmTC_1a320.dir/CheckFunctionExists.c.o
/usr/bin/cc   -DCHECK_FUNCTION_EXISTS=pthread_create   -o CMakeFiles/cmTC_1a320.dir/CheckFunctionExists.c.o   -c /usr/local/share/cmake-3.13/Modules/CheckFunctionExists.c
Linking C executable cmTC_1a320
/usr/local/bin/cmake -E cmake_link_script CMakeFiles/cmTC_1a320.dir/link.txt --verbose=1
/usr/bin/cc  -DCHECK_FUNCTION_EXISTS=pthread_create    CMakeFiles/cmTC_1a320.dir/CheckFunctionExists.c.o  -o cmTC_1a320 -lpthreads 
/usr/bin/ld: cannot find -lpthreads
collect2: error: ld returned 1 exit status
CMakeFiles/cmTC_1a320.dir/build.make:86: recipe for target 'cmTC_1a320' failed
make[1]: *** [cmTC_1a320] Error 1
make[1]: Leaving directory '/home/deskum/Desktop/celerity/celerity-runtime/examples/longest common substring/CMakeFiles/CMakeTmp'
Makefile:121: recipe for target 'cmTC_1a320/fast' failed
make: *** [cmTC_1a320/fast] Error 2


