Determining if the pthread_create exist failed with the following output:
Change Dir: /home/deskum/Desktop/celerity/celerity-runtime/examples/nvpd/CMakeFiles/CMakeTmp

Run Build Command:"/usr/bin/make" "cmTC_caae1/fast"
/usr/bin/make -f CMakeFiles/cmTC_caae1.dir/build.make CMakeFiles/cmTC_caae1.dir/build
make[1]: Entering directory '/home/deskum/Desktop/celerity/celerity-runtime/examples/nvpd/CMakeFiles/CMakeTmp'
Building C object CMakeFiles/cmTC_caae1.dir/CheckSymbolExists.c.o
/usr/bin/cc    -o CMakeFiles/cmTC_caae1.dir/CheckSymbolExists.c.o   -c /home/deskum/Desktop/celerity/celerity-runtime/examples/nvpd/CMakeFiles/CMakeTmp/CheckSymbolExists.c
Linking C executable cmTC_caae1
/usr/local/bin/cmake -E cmake_link_script CMakeFiles/cmTC_caae1.dir/link.txt --verbose=1
/usr/bin/cc      CMakeFiles/cmTC_caae1.dir/CheckSymbolExists.c.o  -o cmTC_caae1 
CMakeFiles/cmTC_caae1.dir/CheckSymbolExists.c.o: In function `main':
CheckSymbolExists.c:(.text+0x16): undefined reference to `pthread_create'
collect2: error: ld returned 1 exit status
CMakeFiles/cmTC_caae1.dir/build.make:86: recipe for target 'cmTC_caae1' failed
make[1]: *** [cmTC_caae1] Error 1
make[1]: Leaving directory '/home/deskum/Desktop/celerity/celerity-runtime/examples/nvpd/CMakeFiles/CMakeTmp'
Makefile:121: recipe for target 'cmTC_caae1/fast' failed
make: *** [cmTC_caae1/fast] Error 2

File /home/deskum/Desktop/celerity/celerity-runtime/examples/nvpd/CMakeFiles/CMakeTmp/CheckSymbolExists.c:
/* */
#include <pthread.h>

int main(int argc, char** argv)
{
  (void)argv;
#ifndef pthread_create
  return ((int*)(&pthread_create))[argc];
#else
  (void)argc;
  return 0;
#endif
}

Determining if the function pthread_create exists in the pthreads failed with the following output:
Change Dir: /home/deskum/Desktop/celerity/celerity-runtime/examples/nvpd/CMakeFiles/CMakeTmp

Run Build Command:"/usr/bin/make" "cmTC_cb722/fast"
/usr/bin/make -f CMakeFiles/cmTC_cb722.dir/build.make CMakeFiles/cmTC_cb722.dir/build
make[1]: Entering directory '/home/deskum/Desktop/celerity/celerity-runtime/examples/nvpd/CMakeFiles/CMakeTmp'
Building C object CMakeFiles/cmTC_cb722.dir/CheckFunctionExists.c.o
/usr/bin/cc   -DCHECK_FUNCTION_EXISTS=pthread_create   -o CMakeFiles/cmTC_cb722.dir/CheckFunctionExists.c.o   -c /usr/local/share/cmake-3.13/Modules/CheckFunctionExists.c
Linking C executable cmTC_cb722
/usr/local/bin/cmake -E cmake_link_script CMakeFiles/cmTC_cb722.dir/link.txt --verbose=1
/usr/bin/cc  -DCHECK_FUNCTION_EXISTS=pthread_create    CMakeFiles/cmTC_cb722.dir/CheckFunctionExists.c.o  -o cmTC_cb722 -lpthreads 
/usr/bin/ld: cannot find -lpthreads
collect2: error: ld returned 1 exit status
CMakeFiles/cmTC_cb722.dir/build.make:86: recipe for target 'cmTC_cb722' failed
make[1]: *** [cmTC_cb722] Error 1
make[1]: Leaving directory '/home/deskum/Desktop/celerity/celerity-runtime/examples/nvpd/CMakeFiles/CMakeTmp'
Makefile:121: recipe for target 'cmTC_cb722/fast' failed
make: *** [cmTC_cb722/fast] Error 2


